java/lang/Object
java/lang/String
java/io/Serializable
java/lang/Comparable
java/lang/CharSequence
java/lang/Class
java/lang/reflect/GenericDeclaration
java/lang/reflect/AnnotatedElement
java/lang/reflect/Type
java/lang/Cloneable
java/lang/ClassLoader
java/lang/System
java/lang/Throwable
java/lang/Error
java/lang/ThreadDeath
java/lang/Exception
java/lang/RuntimeException
java/lang/SecurityManager
java/security/ProtectionDomain
java/security/AccessControlContext
java/security/SecureClassLoader
java/lang/ClassNotFoundException
java/lang/ReflectiveOperationException
java/lang/NoClassDefFoundError
java/lang/LinkageError
java/lang/ClassCastException
java/lang/ArrayStoreException
java/lang/VirtualMachineError
java/lang/OutOfMemoryError
java/lang/StackOverflowError
java/lang/IllegalMonitorStateException
java/lang/ref/Reference
java/lang/ref/SoftReference
java/lang/ref/WeakReference
java/lang/ref/FinalReference
java/lang/ref/PhantomReference
java/lang/ref/Finalizer
java/lang/Thread
java/lang/Runnable
java/lang/ThreadGroup
java/lang/Thread$UncaughtExceptionHandler
java/util/Properties
java/util/Hashtable
java/util/Map
java/util/Dictionary
java/lang/Module
java/lang/reflect/AccessibleObject
java/lang/reflect/Field
java/lang/reflect/Member
java/lang/reflect/Parameter
java/lang/reflect/Method
java/lang/reflect/Executable
java/lang/reflect/Constructor
jdk/internal/reflect/MagicAccessorImpl
jdk/internal/reflect/MethodAccessorImpl
jdk/internal/reflect/MethodAccessor
jdk/internal/reflect/ConstructorAccessorImpl
jdk/internal/reflect/ConstructorAccessor
jdk/internal/reflect/DelegatingClassLoader
jdk/internal/reflect/ConstantPool
jdk/internal/reflect/UnsafeStaticFieldAccessorImpl
jdk/internal/reflect/UnsafeFieldAccessorImpl
jdk/internal/reflect/FieldAccessorImpl
jdk/internal/reflect/FieldAccessor
jdk/internal/reflect/CallerSensitive
java/lang/annotation/Annotation
java/lang/invoke/DirectMethodHandle
java/lang/invoke/MethodHandle
java/lang/invoke/VarHandle
java/lang/invoke/MemberName
java/lang/invoke/ResolvedMethodName
java/lang/invoke/MethodHandleNatives
java/lang/invoke/LambdaForm
java/lang/invoke/MethodType
java/lang/BootstrapMethodError
java/lang/invoke/CallSite
java/lang/invoke/MethodHandleNatives$CallSiteContext
java/lang/invoke/ConstantCallSite
java/lang/invoke/MutableCallSite
java/lang/invoke/VolatileCallSite
java/lang/AssertionStatusDirectives
java/lang/StringBuffer
java/lang/AbstractStringBuilder
java/lang/Appendable
java/lang/StringBuilder
jdk/internal/misc/Unsafe
jdk/internal/module/Modules
java/io/ByteArrayInputStream
java/io/InputStream
java/io/Closeable
java/lang/AutoCloseable
java/net/URL
java/util/jar/Manifest
jdk/internal/loader/ClassLoaders
jdk/internal/loader/ClassLoaders$AppClassLoader
jdk/internal/loader/BuiltinClassLoader
jdk/internal/loader/ClassLoaders$PlatformClassLoader
java/security/CodeSource
java/lang/StackTraceElement
java/nio/Buffer
java/lang/StackWalker
java/lang/StackStreamFactory$AbstractStackWalker
java/lang/StackFrameInfo
java/lang/StackWalker$StackFrame
java/lang/LiveStackFrameInfo
java/lang/LiveStackFrame
java/util/concurrent/locks/AbstractOwnableSynchronizer
java/lang/Boolean
java/lang/Character
java/lang/Float
java/lang/Number
java/lang/Double
java/lang/Byte
java/lang/Short
java/lang/Integer
java/lang/Long
java/lang/NullPointerException
java/lang/ArithmeticException
java/io/ObjectStreamField
java/lang/String$CaseInsensitiveComparator
java/util/Comparator
java/security/AccessController
java/util/Set
java/util/Collection
java/lang/Iterable
java/util/ImmutableCollections$Set12
java/util/ImmutableCollections$AbstractImmutableSet
java/util/ImmutableCollections$AbstractImmutableCollection
java/util/AbstractCollection
java/util/Objects
jdk/internal/reflect/ReflectionFactory$GetReflectionFactoryAction
java/security/PrivilegedAction
java/security/cert/Certificate
java/util/HashSet
java/util/AbstractSet
java/util/HashMap
java/util/AbstractMap
java/util/concurrent/ConcurrentHashMap
java/util/concurrent/ConcurrentMap
java/lang/Runtime
java/util/concurrent/ConcurrentHashMap$Segment
java/util/concurrent/locks/ReentrantLock
java/util/concurrent/locks/Lock
java/util/concurrent/ConcurrentHashMap$CounterCell
java/util/concurrent/ConcurrentHashMap$Node
java/util/Map$Entry
java/util/concurrent/locks/LockSupport
java/util/concurrent/ConcurrentHashMap$ReservationNode
jdk/internal/reflect/ReflectionFactory
java/lang/ref/Reference$ReferenceHandler
jdk/internal/ref/Cleaner
java/lang/ref/ReferenceQueue
java/lang/ref/ReferenceQueue$Null
java/lang/ref/ReferenceQueue$Lock
java/lang/ref/Reference$1
jdk/internal/misc/JavaLangRefAccess
jdk/internal/misc/SharedSecrets
java/lang/ref/Finalizer$FinalizerThread
jdk/internal/misc/VM
java/lang/StringLatin1
java/util/Properties$EntrySet
java/util/concurrent/ConcurrentHashMap$EntrySetView
java/util/concurrent/ConcurrentHashMap$CollectionView
java/util/Collections
java/util/Collections$EmptySet
java/util/Collections$EmptyList
java/util/RandomAccess
java/util/AbstractList
java/util/List
java/util/Collections$EmptyMap
java/util/Collections$SynchronizedSet
java/util/Collections$SynchronizedCollection
java/lang/reflect/Array
java/util/concurrent/ConcurrentHashMap$EntryIterator
java/util/Iterator
java/util/concurrent/ConcurrentHashMap$BaseIterator
java/util/concurrent/ConcurrentHashMap$Traverser
java/util/concurrent/ConcurrentHashMap$MapEntry
java/util/ImmutableCollections$MapN
java/util/ImmutableCollections$AbstractImmutableMap
java/lang/Math
jdk/internal/util/StaticProperty
java/lang/VersionProps
java/io/FileInputStream
java/io/FileDescriptor
java/io/FileDescriptor$1
jdk/internal/misc/JavaIOFileDescriptorAccess
java/io/FileOutputStream
java/io/OutputStream
java/io/Flushable
java/io/BufferedInputStream
java/io/FilterInputStream
java/io/PrintStream
java/io/FilterOutputStream
java/io/BufferedOutputStream
java/io/OutputStreamWriter
java/io/Writer
sun/nio/cs/StreamEncoder
java/nio/charset/Charset
sun/nio/cs/StandardCharsets
java/nio/charset/spi/CharsetProvider
java/lang/ThreadLocal
java/util/concurrent/atomic/AtomicInteger
sun/security/action/GetPropertyAction
sun/nio/cs/UTF_8
sun/nio/cs/Unicode
sun/nio/cs/HistoricallyNamedCharset
sun/nio/cs/UTF_8$Encoder
java/nio/charset/CharsetEncoder
java/nio/charset/CodingErrorAction
java/util/Arrays
java/nio/ByteBuffer
java/nio/Buffer$1
jdk/internal/misc/JavaNioAccess
java/nio/HeapByteBuffer
java/nio/ByteOrder
java/io/BufferedWriter
java/lang/Terminator
java/lang/Terminator$1
jdk/internal/misc/Signal$Handler
jdk/internal/misc/Signal
java/util/Hashtable$Entry
jdk/internal/misc/Signal$NativeHandler
java/lang/Integer$IntegerCache
jdk/internal/misc/OSEnvironment
java/lang/System$2
jdk/internal/misc/JavaLangAccess
java/lang/IllegalArgumentException
java/lang/invoke/MethodHandleStatics
java/lang/CharacterData
java/lang/CharacterDataLatin1
jdk/internal/module/ModuleBootstrap
java/lang/module/ModuleDescriptor
java/lang/module/ModuleDescriptor$1
jdk/internal/misc/JavaLangModuleAccess
java/io/File
java/io/DefaultFileSystem
java/io/UnixFileSystem
java/io/FileSystem
java/io/ExpiringCache
java/io/ExpiringCache$1
java/util/LinkedHashMap
jdk/internal/module/ModulePatcher
jdk/internal/module/SystemModuleFinders
java/net/URI
java/net/URI$1
jdk/internal/misc/JavaNetUriAccess
jdk/internal/module/SystemModulesMap
jdk/internal/module/SystemModules$default
jdk/internal/module/SystemModules
jdk/internal/module/Builder
java/lang/module/ModuleDescriptor$Requires
java/util/ImmutableCollections
java/util/ImmutableCollections$SetN
java/lang/module/ModuleDescriptor$Exports
java/lang/module/ModuleDescriptor$Opens
java/lang/module/ModuleDescriptor$Provides
java/util/ImmutableCollections$List12
java/util/ImmutableCollections$AbstractImmutableList
java/lang/module/ModuleDescriptor$Version
java/util/ArrayList
java/lang/module/ModuleDescriptor$Modifier
java/lang/Enum
java/lang/module/ModuleDescriptor$Requires$Modifier
java/util/ImmutableCollections$ListN
jdk/internal/module/ModuleTarget
jdk/internal/module/ModuleHashes
jdk/internal/module/ModuleHashes$Builder
java/util/HashMap$Node
java/util/HashMap$TreeNode
java/util/LinkedHashMap$Entry
java/util/Collections$UnmodifiableMap
jdk/internal/module/ModuleResolution
java/lang/module/ModuleReference
jdk/internal/module/SystemModuleFinders$2
java/util/function/Supplier
jdk/internal/module/ModuleReferenceImpl
java/util/KeyValueHolder
jdk/internal/module/SystemModuleFinders$3
jdk/internal/module/ModuleHashes$HashSupplier
jdk/internal/module/SystemModuleFinders$SystemModuleFinder
java/lang/module/ModuleFinder
jdk/internal/module/ModuleBootstrap$Counters
java/util/Optional
jdk/internal/loader/BootLoader
jdk/internal/module/ServicesCatalog
jdk/internal/loader/ClassLoaderValue
jdk/internal/loader/AbstractClassLoaderValue
jdk/internal/loader/ClassLoaders$BootClassLoader
jdk/internal/reflect/Reflection
java/lang/ClassLoader$ParallelLoaders
java/util/WeakHashMap
java/util/WeakHashMap$Entry
java/util/Collections$SetFromMap
java/util/WeakHashMap$KeySet
java/util/Vector
java/security/ProtectionDomain$JavaSecurityAccessImpl
jdk/internal/misc/JavaSecurityAccess
java/security/ProtectionDomain$Key
java/security/Principal
jdk/internal/loader/URLClassPath
java/net/URL$DefaultFactory
java/net/URLStreamHandlerFactory
java/net/URL$3
jdk/internal/misc/JavaNetURLAccess
java/io/File$PathStatus
java/io/ExpiringCache$Entry
sun/net/www/ParseUtil
sun/net/www/protocol/file/Handler
java/net/URLStreamHandler
java/lang/Class$ReflectionData
java/lang/Class$Atomic
java/lang/reflect/Modifier
java/lang/reflect/ReflectAccess
jdk/internal/reflect/LangReflectAccess
java/lang/Class$1
jdk/internal/reflect/NativeConstructorAccessorImpl
jdk/internal/reflect/DelegatingConstructorAccessorImpl
java/util/ArrayDeque
java/util/Deque
java/util/Queue
jdk/internal/util/Preconditions
jdk/internal/loader/BuiltinClassLoader$LoadedModule
sun/net/www/protocol/jrt/Handler
java/util/ImmutableCollections$SetN$SetNIterator
java/lang/module/Configuration
java/lang/module/ResolvedModule
java/util/AbstractMap$1
java/util/AbstractMap$1$1
java/util/ImmutableCollections$MapN$1
java/util/ImmutableCollections$MapN$MapNIterator
java/util/ImmutableCollections$Set12$1
jdk/internal/module/ModuleLoaderMap
jdk/internal/module/ModuleLoaderMap$Mapper
java/util/function/Function
java/util/concurrent/ConcurrentHashMap$ForwardingNode
java/lang/ModuleLayer
java/util/ImmutableCollections$ListItr
java/util/ListIterator
java/util/ArrayList$Itr
java/util/Collections$UnmodifiableSet
java/util/Collections$UnmodifiableCollection
java/util/Collections$UnmodifiableCollection$1
jdk/internal/module/ServicesCatalog$ServiceProvider
java/util/concurrent/CopyOnWriteArrayList
java/util/HashMap$KeySet
java/util/HashMap$KeyIterator
java/util/HashMap$HashIterator
java/lang/ModuleLayer$Controller
jdk/internal/module/IllegalAccessLogger$Mode
jdk/internal/module/IllegalAccessLogger$Builder
java/util/HashMap$Values
java/util/HashMap$ValueIterator
jdk/internal/module/ModuleBootstrap$2
java/util/HashMap$EntrySet
java/util/HashMap$EntryIterator
jdk/internal/module/IllegalAccessLogger
jdk/jfr/internal/EventWriter
jdk/internal/vm/PostVMInitHook
java/util/Locale
java/util/Locale$Cache
sun/util/locale/LocaleObjectCache
sun/util/locale/BaseLocale
sun/util/locale/BaseLocale$Cache
sun/util/locale/BaseLocale$Key
sun/util/locale/LocaleObjectCache$CacheEntry
sun/util/locale/LocaleUtils
sun/util/locale/InternalLocaleBuilder
sun/util/locale/InternalLocaleBuilder$CaseInsensitiveChar
jdk/internal/vm/PostVMInitHook$1
sun/launcher/LauncherHelper
java/lang/StringCoding
sun/nio/cs/ISO_8859_1
sun/nio/cs/US_ASCII
java/lang/StringCoding$1
java/lang/ThreadLocal$ThreadLocalMap
java/lang/ThreadLocal$ThreadLocalMap$Entry
jdk/internal/misc/TerminatingThreadLocal
java/lang/StringCoding$Result
sun/net/util/URLUtil
jdk/internal/loader/URLClassPath$3
java/security/PrivilegedExceptionAction
jdk/internal/loader/URLClassPath$JarLoader
jdk/internal/loader/URLClassPath$Loader
java/util/zip/ZipFile
java/util/zip/ZipConstants
java/util/zip/ZipFile$1
jdk/internal/misc/JavaUtilZipFileAccess
sun/net/www/protocol/jar/Handler
jdk/internal/loader/URLClassPath$JarLoader$1
jdk/internal/loader/FileURLMapper
java/util/jar/JarFile
java/util/jar/JavaUtilJarAccessImpl
jdk/internal/misc/JavaUtilJarAccess
java/lang/Runtime$Version
java/nio/charset/StandardCharsets
sun/nio/cs/UTF_16BE
sun/nio/cs/UTF_16LE
sun/nio/cs/UTF_16
java/util/zip/ZipCoder
java/util/zip/ZipCoder$UTF8
java/util/zip/ZipFile$CleanableResource
jdk/internal/ref/CleanerFactory
jdk/internal/ref/CleanerFactory$1
java/util/concurrent/ThreadFactory
java/lang/ref/Cleaner
java/lang/ref/Cleaner$1
jdk/internal/ref/CleanerImpl
jdk/internal/ref/CleanerImpl$PhantomCleanableRef
jdk/internal/ref/PhantomCleanable
java/lang/ref/Cleaner$Cleanable
jdk/internal/ref/CleanerImpl$WeakCleanableRef
jdk/internal/ref/WeakCleanable
jdk/internal/ref/CleanerImpl$SoftCleanableRef
jdk/internal/ref/SoftCleanable
jdk/internal/ref/CleanerImpl$CleanerCleanable
jdk/internal/ref/CleanerFactory$1$1
jdk/internal/misc/InnocuousThread
jdk/internal/misc/InnocuousThread$3
jdk/internal/misc/InnocuousThread$2
java/util/zip/ZipFile$Source
java/util/zip/ZipFile$Source$Key
java/nio/file/FileSystems
sun/nio/fs/DefaultFileSystemProvider
sun/nio/fs/LinuxFileSystemProvider
sun/nio/fs/UnixFileSystemProvider
sun/nio/fs/AbstractFileSystemProvider
java/nio/file/spi/FileSystemProvider
java/nio/file/StandardOpenOption
java/nio/file/OpenOption
sun/nio/fs/LinuxFileSystem
sun/nio/fs/UnixFileSystem
java/nio/file/FileSystem
sun/nio/fs/UnixPath
java/nio/file/Path
java/nio/file/Watchable
sun/nio/fs/Util
sun/nio/fs/UnixNativeDispatcher
sun/nio/fs/UnixNativeDispatcher$1
java/lang/ClassLoader$2
java/lang/ClassLoader$NativeLibrary
java/util/ArrayDeque$DeqIterator
java/util/concurrent/ConcurrentHashMap$ValuesView
java/util/concurrent/ConcurrentHashMap$ValueIterator
java/util/Enumeration
sun/nio/fs/UnixFileAttributes
java/nio/file/attribute/PosixFileAttributes
java/nio/file/attribute/BasicFileAttributes
sun/nio/fs/UnixFileStoreAttributes
sun/nio/fs/UnixMountEntry
java/nio/CharBuffer
java/lang/Readable
java/nio/HeapCharBuffer
java/nio/charset/CoderResult
java/nio/file/FileSystems$DefaultFileSystemHolder
java/nio/file/FileSystems$DefaultFileSystemHolder$1
java/net/URI$Parser
java/nio/file/LinkOption
java/nio/file/CopyOption
java/nio/file/Files
java/nio/file/attribute/DosFileAttributes
java/nio/file/attribute/BasicFileAttributeView
java/nio/file/attribute/FileAttributeView
java/nio/file/attribute/AttributeView
java/nio/file/attribute/DosFileAttributeView
java/nio/file/attribute/UserDefinedFileAttributeView
sun/nio/fs/UnixFileAttributeViews
sun/nio/fs/UnixFileAttributeViews$Basic
sun/nio/fs/AbstractBasicFileAttributeView
sun/nio/fs/DynamicFileAttributeView
sun/nio/fs/NativeBuffers
sun/nio/fs/NativeBuffers$1
jdk/internal/misc/TerminatingThreadLocal$1
java/util/IdentityHashMap
java/util/IdentityHashMap$KeySet
sun/nio/fs/NativeBuffer
sun/nio/fs/NativeBuffer$Deallocator
sun/nio/fs/UnixFileAttributes$UnixAsBasicFileAttributes
java/util/concurrent/TimeUnit
java/nio/file/attribute/FileTime
java/io/RandomAccessFile
java/io/DataOutput
java/io/DataInput
java/io/RandomAccessFile$2
jdk/internal/misc/JavaIORandomAccessFileAccess
java/util/concurrent/atomic/AtomicBoolean
java/lang/invoke/MethodHandles
java/lang/invoke/MemberName$Factory
java/lang/reflect/ReflectPermission
java/security/BasicPermission
java/security/Permission
java/security/Guard
java/lang/invoke/MethodHandles$Lookup
sun/invoke/util/VerifyAccess
java/lang/NoSuchFieldException
java/lang/invoke/VarHandles
java/lang/invoke/VarHandleInts$FieldInstanceReadWrite
java/lang/invoke/VarHandleInts$FieldInstanceReadOnly
java/lang/invoke/VarHandle$1
jdk/internal/util/Preconditions$1
java/util/function/BiFunction
java/lang/invoke/VarHandleGuards
java/lang/invoke/VarForm
java/lang/invoke/VarHandle$AccessType
java/lang/Void
java/lang/invoke/VarHandle$AccessMode
java/lang/invoke/MethodType$ConcurrentWeakInternSet
java/lang/invoke/MethodType$ConcurrentWeakInternSet$WeakEntry
java/lang/invoke/MethodTypeForm
sun/invoke/util/Wrapper
sun/invoke/util/Wrapper$Format
java/io/FileCleanable
java/util/zip/ZipFile$Source$End
java/util/zip/ZipUtils
jdk/internal/perf/PerfCounter
jdk/internal/perf/Perf$GetPerfAction
jdk/internal/perf/Perf
jdk/internal/perf/PerfCounter$CoreCounters
sun/nio/ch/DirectBuffer
java/nio/DirectByteBuffer
java/nio/MappedByteBuffer
java/nio/Bits
java/util/concurrent/atomic/AtomicLong
java/nio/Bits$1
jdk/internal/misc/JavaNioAccess$BufferPool
java/nio/DirectLongBufferU
java/nio/LongBuffer
jdk/internal/util/jar/JarIndex
java/util/jar/JarFile$1
java/util/jar/JarFile$JarFileEntry
java/util/jar/JarEntry
java/util/zip/ZipEntry
java/util/zip/ZipFile$ZipFileInputStream
java/util/zip/ZipFile$ZipFileInflaterInputStream
java/util/zip/InflaterInputStream
java/util/zip/Inflater
java/util/zip/Inflater$InflaterZStreamRef
java/util/zip/ZipFile$InflaterCleanupAction
jdk/internal/loader/URLClassPath$JarLoader$2
jdk/internal/loader/Resource
sun/nio/ByteBuffered
java/security/SecureClassLoader$CodeSourceKey
java/security/SecureClassLoader$1
java/security/Permissions
java/security/PermissionCollection
sun/net/www/protocol/file/FileURLConnection
sun/net/www/URLConnection
java/net/URLConnection
sun/net/www/MessageHeader
java/io/FilePermission
java/io/FilePermission$1
jdk/internal/misc/JavaIOFilePermissionAccess
sun/security/util/FilePermCompat
java/security/Permissions$1
java/io/FilePermissionCollection
java/io/FilePermissionCollection$1
java/security/AllPermission
java/security/UnresolvedPermission
java/lang/RuntimePermission
java/security/BasicPermissionCollection
java/security/SecureClassLoader$DebugHolder
sun/security/util/Debug
Hello
java/lang/NamedPackage
java/lang/PublicMethods$MethodList
java/lang/PublicMethods$Key
java/util/IdentityHashMap$KeyIterator
java/util/IdentityHashMap$IdentityHashMapIterator
java/lang/Shutdown
java/lang/Shutdown$Lock
